2018-12-27 16:26:41 Debug: Notice (8): Undefined variable: user_id in [E:\xampp\htdocs\dummy\app\View\Users\dashboard.ctp, line 86]
Trace:
include - APP\View\Users\dashboard.ctp, line 86
View::_evaluate() - CORE\Cake\View\View.php, line 961
View::_render() - CORE\Cake\View\View.php, line 923
View::render() - CORE\Cake\View\View.php, line 473
Controller::render() - CORE\Cake\Controller\Controller.php, line 960
Dispatcher::_invoke() - CORE\Cake\Routing\Dispatcher.php, line 200
Dispatcher::dispatch() - CORE\Cake\Routing\Dispatcher.php, line 167
[main] - APP\webroot\index.php, line 108

2018-12-27 16:26:41 Debug: Notice (8): Undefined variable: user_id in [E:\xampp\htdocs\dummy\app\View\Users\dashboard.ctp, line 720]
Trace:
include - APP\View\Users\dashboard.ctp, line 720
View::_evaluate() - CORE\Cake\View\View.php, line 961
View::_render() - CORE\Cake\View\View.php, line 923
View::render() - CORE\Cake\View\View.php, line 473
Controller::render() - CORE\Cake\Controller\Controller.php, line 960
Dispatcher::_invoke() - CORE\Cake\Routing\Dispatcher.php, line 200
Dispatcher::dispatch() - CORE\Cake\Routing\Dispatcher.php, line 167
[main] - APP\webroot\index.php, line 108

2018-12-27 16:26:41 Debug: Notice (8): Undefined variable: arrConfigs in [E:\xampp\htdocs\dummy\app\View\Users\dashboard.ctp, line 964]
Trace:
include - APP\View\Users\dashboard.ctp, line 964
View::_evaluate() - CORE\Cake\View\View.php, line 961
View::_render() - CORE\Cake\View\View.php, line 923
View::render() - CORE\Cake\View\View.php, line 473
Controller::render() - CORE\Cake\Controller\Controller.php, line 960
Dispatcher::_invoke() - CORE\Cake\Routing\Dispatcher.php, line 200
Dispatcher::dispatch() - CORE\Cake\Routing\Dispatcher.php, line 167
[main] - APP\webroot\index.php, line 108

2018-12-28 00:49:33 Debug: Notice (8): Undefined variable: user_id in [E:\xampp\htdocs\dummy\app\Controller\ToursController.php, line 97]
Trace:
ToursController::add() - APP\Controller\ToursController.php, line 97
ReflectionMethod::invokeArgs() - [internal], line ??
Controller::invokeAction() - CORE\Cake\Controller\Controller.php, line 490
Dispatcher::_invoke() - CORE\Cake\Routing\Dispatcher.php, line 193
Dispatcher::dispatch() - CORE\Cake\Routing\Dispatcher.php, line 167
[main] - APP\webroot\index.php, line 108

2018-12-28 00:49:33 Debug: Notice (8): Undefined variable: id in [E:\xampp\htdocs\dummy\app\View\Tours\add.ctp, line 41]
Trace:
include - APP\View\Tours\add.ctp, line 41
View::_evaluate() - CORE\Cake\View\View.php, line 961
View::_render() - CORE\Cake\View\View.php, line 923
View::render() - CORE\Cake\View\View.php, line 473
Controller::render() - CORE\Cake\Controller\Controller.php, line 960
Dispatcher::_invoke() - CORE\Cake\Routing\Dispatcher.php, line 200
Dispatcher::dispatch() - CORE\Cake\Routing\Dispatcher.php, line 167
[main] - APP\webroot\index.php, line 108

2018-12-28 00:49:38 Debug: Notice (8): Undefined variable: user_id in [E:\xampp\htdocs\dummy\app\Controller\ToursController.php, line 97]
Trace:
ToursController::add() - APP\Controller\ToursController.php, line 97
ReflectionMethod::invokeArgs() - [internal], line ??
Controller::invokeAction() - CORE\Cake\Controller\Controller.php, line 490
Dispatcher::_invoke() - CORE\Cake\Routing\Dispatcher.php, line 193
Dispatcher::dispatch() - CORE\Cake\Routing\Dispatcher.php, line 167
[main] - APP\webroot\index.php, line 108

2018-12-28 00:49:38 Debug: Notice (8): Undefined variable: id in [E:\xampp\htdocs\dummy\app\View\Tours\add.ctp, line 41]
Trace:
include - APP\View\Tours\add.ctp, line 41
View::_evaluate() - CORE\Cake\View\View.php, line 961
View::_render() - CORE\Cake\View\View.php, line 923
View::render() - CORE\Cake\View\View.php, line 473
Controller::render() - CORE\Cake\Controller\Controller.php, line 960
Dispatcher::_invoke() - CORE\Cake\Routing\Dispatcher.php, line 200
Dispatcher::dispatch() - CORE\Cake\Routing\Dispatcher.php, line 167
[main] - APP\webroot\index.php, line 108

